TN:
SF:/home/faraaz/developers/src/access/data.js
FN:11,data
FN:30,(anonymous_1)
FNF:2
FNH:0
FNDA:0,data
FNDA:0,(anonymous_1)
DA:1,1
DA:2,1
DA:14,0
DA:15,0
DA:30,0
DA:31,0
DA:32,0
DA:33,0
DA:36,0
DA:42,1
LF:10
LH:3
BRDA:31,0,0,0
BRDA:31,0,1,0
BRDA:36,1,0,0
BRDA:36,1,1,0
BRF:4
BRH:0
end_of_record
TN:
SF:/home/faraaz/developers/src/access/request.js
FN:11,(anonymous_0)
FN:16,(anonymous_1)
FN:34,(anonymous_2)
FNF:3
FNH:0
FNDA:0,(anonymous_0)
FNDA:0,(anonymous_1)
FNDA:0,(anonymous_2)
DA:1,1
DA:2,1
DA:11,1
DA:13,0
DA:14,0
DA:15,0
DA:16,0
DA:17,0
DA:20,0
DA:25,0
DA:26,0
DA:34,0
DA:35,0
DA:38,0
LF:14
LH:3
BRDA:38,0,0,0
BRDA:38,0,1,0
BRF:2
BRH:0
end_of_record
TN:
SF:/home/faraaz/developers/src/errors/ServiceNotFoundError.js
FN:9,(anonymous_0)
FN:18,(anonymous_1)
FN:26,(anonymous_2)
FNF:3
FNH:3
FNDA:1,(anonymous_0)
FNDA:1,(anonymous_1)
FNDA:1,(anonymous_2)
DA:10,1
DA:11,1
DA:19,1
DA:27,1
DA:31,1
LF:5
LH:5
BRF:0
BRH:0
end_of_record
TN:
SF:/home/faraaz/developers/src/errors/UserNotFoundError.js
FN:9,(anonymous_0)
FN:18,(anonymous_1)
FN:26,(anonymous_2)
FNF:3
FNH:3
FNDA:1,(anonymous_0)
FNDA:1,(anonymous_1)
FNDA:1,(anonymous_2)
DA:10,1
DA:11,1
DA:19,1
DA:27,1
DA:31,1
LF:5
LH:5
BRF:0
BRH:0
end_of_record
TN:
SF:/home/faraaz/developers/src/errors/ValidationError.js
FN:9,(anonymous_0)
FN:18,(anonymous_1)
FN:26,(anonymous_2)
FNF:3
FNH:3
FNDA:14,(anonymous_0)
FNDA:1,(anonymous_1)
FNDA:1,(anonymous_2)
DA:10,14
DA:11,14
DA:19,1
DA:27,1
DA:31,4
LF:5
LH:5
BRF:0
BRH:0
end_of_record
TN:
SF:/home/faraaz/developers/src/utils/response.js
FN:11,(anonymous_0)
FN:23,(anonymous_1)
FNF:2
FNH:2
FNDA:1,(anonymous_0)
FNDA:3,(anonymous_1)
DA:11,1
DA:12,1
DA:23,1
DA:24,3
DA:25,3
DA:27,3
LF:6
LH:6
BRDA:24,0,0,3
BRDA:24,0,1,0
BRF:2
BRH:1
end_of_record
TN:
SF:/home/faraaz/developers/src/utils/validate.js
FN:13,(anonymous_0)
FN:26,(anonymous_1)
FNF:2
FNH:2
FNDA:4,(anonymous_0)
FNDA:9,(anonymous_1)
DA:1,3
DA:13,3
DA:14,4
DA:16,4
DA:17,4
DA:26,3
DA:28,9
DA:29,4
DA:33,5
DA:35,5
LF:10
LH:10
BRDA:16,0,0,4
BRDA:16,0,1,0
BRDA:16,1,0,4
BRDA:16,1,1,1
BRDA:28,2,0,4
BRDA:28,2,1,5
BRDA:28,3,0,9
BRDA:28,3,1,6
BRDA:33,4,0,5
BRDA:33,4,1,0
BRDA:33,5,0,5
BRDA:33,5,1,2
BRDA:33,5,2,1
BRDA:33,5,3,1
BRF:14
BRH:12
end_of_record
